Determining if the pthread_create exist failed with the following output:
Change Dir: /home/stud/s8liroll/Bioinfo1/04_Uebung/Uebung04/build/CMakeFiles/CMakeTmp

Run Build Command:"/usr/bin/make" "cmTC_42512/fast"
/usr/bin/make -f CMakeFiles/cmTC_42512.dir/build.make CMakeFiles/cmTC_42512.dir/build
make[1]: Entering directory '/home/stud/s8liroll/Bioinfo1/04_Uebung/Uebung04/build/CMakeFiles/CMakeTmp'
Building C object CMakeFiles/cmTC_42512.dir/CheckSymbolExists.c.o
/installer/import/debian/c++/clang/bin/clang     -o CMakeFiles/cmTC_42512.dir/CheckSymbolExists.c.o   -c /home/stud/s8liroll/Bioinfo1/04_Uebung/Uebung04/build/CMakeFiles/CMakeTmp/CheckSymbolExists.c
Linking C executable cmTC_42512
/usr/bin/cmake -E cmake_link_script CMakeFiles/cmTC_42512.dir/link.txt --verbose=1
/installer/import/debian/c++/clang/bin/clang       CMakeFiles/cmTC_42512.dir/CheckSymbolExists.c.o  -o cmTC_42512 -rdynamic 
CMakeFiles/cmTC_42512.dir/CheckSymbolExists.c.o: In function `main':
/home/stud/s8liroll/Bioinfo1/04_Uebung/Uebung04/build/CMakeFiles/CMakeTmp/CheckSymbolExists.c:(.text+0x19): undefined reference to `pthread_create'
clang: error: linker command failed with exit code 1 (use -v to see invocation)
CMakeFiles/cmTC_42512.dir/build.make:97: recipe for target 'cmTC_42512' failed
make[1]: *** [cmTC_42512] Error 1
make[1]: Leaving directory '/home/stud/s8liroll/Bioinfo1/04_Uebung/Uebung04/build/CMakeFiles/CMakeTmp'
Makefile:126: recipe for target 'cmTC_42512/fast' failed
make: *** [cmTC_42512/fast] Error 2

File /home/stud/s8liroll/Bioinfo1/04_Uebung/Uebung04/build/CMakeFiles/CMakeTmp/CheckSymbolExists.c:
/* */
#include <pthread.h>

int main(int argc, char** argv)
{
  (void)argv;
#ifndef pthread_create
  return ((int*)(&pthread_create))[argc];
#else
  (void)argc;
  return 0;
#endif
}

Determining if the function pthread_create exists in the pthreads failed with the following output:
Change Dir: /home/stud/s8liroll/Bioinfo1/04_Uebung/Uebung04/build/CMakeFiles/CMakeTmp

Run Build Command:"/usr/bin/make" "cmTC_a3776/fast"
/usr/bin/make -f CMakeFiles/cmTC_a3776.dir/build.make CMakeFiles/cmTC_a3776.dir/build
make[1]: Entering directory '/home/stud/s8liroll/Bioinfo1/04_Uebung/Uebung04/build/CMakeFiles/CMakeTmp'
Building C object CMakeFiles/cmTC_a3776.dir/CheckFunctionExists.c.o
/installer/import/debian/c++/clang/bin/clang    -DCHECK_FUNCTION_EXISTS=pthread_create   -o CMakeFiles/cmTC_a3776.dir/CheckFunctionExists.c.o   -c /usr/share/cmake-3.5/Modules/CheckFunctionExists.c
Linking C executable cmTC_a3776
/usr/bin/cmake -E cmake_link_script CMakeFiles/cmTC_a3776.dir/link.txt --verbose=1
/installer/import/debian/c++/clang/bin/clang   -DCHECK_FUNCTION_EXISTS=pthread_create    CMakeFiles/cmTC_a3776.dir/CheckFunctionExists.c.o  -o cmTC_a3776 -rdynamic -lpthreads 
/usr/bin/ld: cannot find -lpthreads
clang: error: linker command failed with exit code 1 (use -v to see invocation)
CMakeFiles/cmTC_a3776.dir/build.make:97: recipe for target 'cmTC_a3776' failed
make[1]: *** [cmTC_a3776] Error 1
make[1]: Leaving directory '/home/stud/s8liroll/Bioinfo1/04_Uebung/Uebung04/build/CMakeFiles/CMakeTmp'
Makefile:126: recipe for target 'cmTC_a3776/fast' failed
make: *** [cmTC_a3776/fast] Error 2


